<?xml version="1.0" encoding="UTF-8"?>
<!-- Generated by org.testng.reporters.JUnitXMLReporter -->
<testsuite hostname="MTYTM15492YLR" name="Default test" tests="4" failures="0" timestamp="9 Jul 2016 19:06:51 GMT" time="0.227" errors="0">
  <testcase name="@BeforeTest settingBrowser" time="0.0" classname="com.frontEndApp_Scripts.MainProcess">
    <failure type="org.testng.TestNGException" message="
Parameter &amp;apos;browser&amp;apos; is required by @Configuration on method settingBrowser but has not been marked @Optional or defined
in C:\Users\l.enriquez.rodriguez\AppData\Local\Temp\testng-eclipse--1455523602\testng-customsuite.xml">
      <![CDATA[org.testng.TestNGException: 
Parameter 'browser' is required by @Configuration on method settingBrowser but has not been marked @Optional or defined
in C:\Users\l.enriquez.rodriguez\AppData\Local\Temp\testng-eclipse--1455523602\testng-customsuite.xml
	at org.testng.internal.Parameters.createParameters(Parameters.java:154)
	at org.testng.internal.Parameters.createParameters(Parameters.java:361)
	at org.testng.internal.Parameters.createConfigurationParameters(Parameters.java:84)
	at org.testng.internal.Invoker.invokeConfigurations(Invoker.java:197)
	at org.testng.internal.Invoker.invokeConfigurations(Invoker.java:138)
	at org.testng.TestRunner.beforeRun(TestRunner.java:648)
	at org.testng.TestRunner.run(TestRunner.java:616)
	at org.testng.SuiteRunner.runTest(SuiteRunner.java:359)
	at org.testng.SuiteRunner.runSequentially(SuiteRunner.java:354)
	at org.testng.SuiteRunner.privateRun(SuiteRunner.java:312)
	at org.testng.SuiteRunner.run(SuiteRunner.java:261)
	at org.testng.SuiteRunnerWorker.runSuite(SuiteRunnerWorker.java:52)
	at org.testng.SuiteRunnerWorker.run(SuiteRunnerWorker.java:86)
	at org.testng.TestNG.runSuitesSequentially(TestNG.java:1215)
	at org.testng.TestNG.runSuitesLocally(TestNG.java:1140)
	at org.testng.TestNG.run(TestNG.java:1048)
	at org.testng.remote.AbstractRemoteTestNG.run(AbstractRemoteTestNG.java:126)
	at org.testng.remote.RemoteTestNG.initAndRun(RemoteTestNG.java:137)
	at org.testng.remote.RemoteTestNG.main(RemoteTestNG.java:58)
]]>
    </failure>
  </testcase> <!-- @BeforeTest settingBrowser -->
  <testcase name="@AfterMethod back" time="0.0" classname="com.frontEndApp_Scripts.MainProcess">
    <skipped/>
  </testcase> <!-- @AfterMethod back -->
  <testcase name="@AfterMethod back" time="0.0" classname="com.frontEndApp_Scripts.MainProcess">
    <skipped/>
  </testcase> <!-- @AfterMethod back -->
  <testcase name="@AfterMethod back" time="0.0" classname="com.frontEndApp_Scripts.MainProcess">
    <skipped/>
  </testcase> <!-- @AfterMethod back -->
  <testcase name="@AfterMethod back" time="0.0" classname="com.frontEndApp_Scripts.MainProcess">
    <skipped/>
  </testcase> <!-- @AfterMethod back -->
  <testcase name="@AfterTest quitBrowser" time="0.0" classname="com.frontEndApp_Scripts.MainProcess">
    <skipped/>
  </testcase> <!-- @AfterTest quitBrowser -->
  <testcase name="signIn" time="0.023" classname="com.frontEndApp_Scripts.MainProcess">
    <skipped/>
  </testcase> <!-- signIn -->
  <testcase name="addnewuser" time="0.011" classname="com.frontEndApp_Scripts.MainProcess">
    <skipped/>
  </testcase> <!-- addnewuser -->
  <testcase name="Password" time="0.007" classname="com.frontEndApp_Scripts.MainProcess">
    <skipped/>
  </testcase> <!-- Password -->
  <testcase name="listofUsers" time="0.011" classname="com.frontEndApp_Scripts.MainProcess">
    <skipped/>
  </testcase> <!-- listofUsers -->
</testsuite> <!-- Default test -->
